CRITICAL - 2023-11-26 16:31:27 --> Invalid file: "websitehome/home.php"
in SYSTEMPATH\Exceptions\FrameworkException.php on line 33.
 1 SYSTEMPATH\View\View.php(212): CodeIgniter\Exceptions\FrameworkException::forInvalidFile('websitehome/home.php')
 2 SYSTEMPATH\Common.php(1180): CodeIgniter\View\View->render('websitehome/home', [], true)
 3 APPPATH\Controllers\Home.php(9): view('websitehome/home')
 4 SYSTEMPATH\CodeIgniter.php(932): App\Controllers\Home->index()
 5 SYSTEMPATH\CodeIgniter.php(497): CodeIgniter\CodeIgniter->runController(Object(App\Controllers\Home))
 6 SYSTEMPATH\CodeIgniter.php(366): CodeIgniter\CodeIgniter->handleRequest(null, Object(Config\Cache), false)
 7 FCPATH\index.php(67): CodeIgniter\CodeIgniter->run()
 8 SYSTEMPATH\Commands\Server\rewrite.php(47): require_once('C:\\xampp\\htdocs\\dineMate\\public\\index.php')
CRITICAL - 2023-11-26 16:32:39 --> Invalid file: "websitehome/home.php"
in SYSTEMPATH\Exceptions\FrameworkException.php on line 33.
 1 SYSTEMPATH\View\View.php(212): CodeIgniter\Exceptions\FrameworkException::forInvalidFile('websitehome/home.php')
 2 SYSTEMPATH\Common.php(1180): CodeIgniter\View\View->render('websitehome/home', [], true)
 3 APPPATH\Controllers\Home.php(9): view('websitehome/home')
 4 SYSTEMPATH\CodeIgniter.php(932): App\Controllers\Home->index()
 5 SYSTEMPATH\CodeIgniter.php(497): CodeIgniter\CodeIgniter->runController(Object(App\Controllers\Home))
 6 SYSTEMPATH\CodeIgniter.php(366): CodeIgniter\CodeIgniter->handleRequest(null, Object(Config\Cache), false)
 7 FCPATH\index.php(67): CodeIgniter\CodeIgniter->run()
 8 SYSTEMPATH\Commands\Server\rewrite.php(47): require_once('C:\\xampp\\htdocs\\dineMate\\public\\index.php')
CRITICAL - 2023-11-26 16:32:41 --> Invalid file: "websitehome/home.php"
in SYSTEMPATH\Exceptions\FrameworkException.php on line 33.
 1 SYSTEMPATH\View\View.php(212): CodeIgniter\Exceptions\FrameworkException::forInvalidFile('websitehome/home.php')
 2 SYSTEMPATH\Common.php(1180): CodeIgniter\View\View->render('websitehome/home', [], true)
 3 APPPATH\Controllers\Home.php(9): view('websitehome/home')
 4 SYSTEMPATH\CodeIgniter.php(932): App\Controllers\Home->index()
 5 SYSTEMPATH\CodeIgniter.php(497): CodeIgniter\CodeIgniter->runController(Object(App\Controllers\Home))
 6 SYSTEMPATH\CodeIgniter.php(366): CodeIgniter\CodeIgniter->handleRequest(null, Object(Config\Cache), false)
 7 FCPATH\index.php(67): CodeIgniter\CodeIgniter->run()
 8 SYSTEMPATH\Commands\Server\rewrite.php(47): require_once('C:\\xampp\\htdocs\\dineMate\\public\\index.php')
CRITICAL - 2023-11-26 16:32:42 --> Invalid file: "websitehome/home.php"
in SYSTEMPATH\Exceptions\FrameworkException.php on line 33.
 1 SYSTEMPATH\View\View.php(212): CodeIgniter\Exceptions\FrameworkException::forInvalidFile('websitehome/home.php')
 2 SYSTEMPATH\Common.php(1180): CodeIgniter\View\View->render('websitehome/home', [], true)
 3 APPPATH\Controllers\Home.php(9): view('websitehome/home')
 4 SYSTEMPATH\CodeIgniter.php(932): App\Controllers\Home->index()
 5 SYSTEMPATH\CodeIgniter.php(497): CodeIgniter\CodeIgniter->runController(Object(App\Controllers\Home))
 6 SYSTEMPATH\CodeIgniter.php(366): CodeIgniter\CodeIgniter->handleRequest(null, Object(Config\Cache), false)
 7 FCPATH\index.php(67): CodeIgniter\CodeIgniter->run()
 8 SYSTEMPATH\Commands\Server\rewrite.php(47): require_once('C:\\xampp\\htdocs\\dineMate\\public\\index.php')
CRITICAL - 2023-11-26 16:35:55 --> Invalid file: "/partials/header.php"
in SYSTEMPATH\Exceptions\FrameworkException.php on line 33.
 1 SYSTEMPATH\View\View.php(212): CodeIgniter\Exceptions\FrameworkException::forInvalidFile('/partials/header.php')
 2 SYSTEMPATH\View\View.php(452): CodeIgniter\View\View->render('/partials/header', null, true)
 3 APPPATH\Views\websitehome\home.php(4): CodeIgniter\View\View->include('/partials/header')
 4 SYSTEMPATH\View\View.php(224): include('C:\\xampp\\htdocs\\dineMate\\app\\Views\\websitehome\\home.php')
 5 SYSTEMPATH\View\View.php(227): CodeIgniter\View\View->CodeIgniter\View\{closure}()
 6 SYSTEMPATH\Common.php(1180): CodeIgniter\View\View->render('websitehome/home', [], true)
 7 APPPATH\Controllers\Home.php(12): view('websitehome/home', [...])
 8 SYSTEMPATH\CodeIgniter.php(932): App\Controllers\Home->index()
 9 SYSTEMPATH\CodeIgniter.php(497): CodeIgniter\CodeIgniter->runController(Object(App\Controllers\Home))
10 SYSTEMPATH\CodeIgniter.php(366): CodeIgniter\CodeIgniter->handleRequest(null, Object(Config\Cache), false)
11 FCPATH\index.php(67): CodeIgniter\CodeIgniter->run()
12 SYSTEMPATH\Commands\Server\rewrite.php(47): require_once('C:\\xampp\\htdocs\\dineMate\\public\\index.php')
CRITICAL - 2023-11-26 16:36:06 --> Undefined variable $title
in APPPATH\Views\websitehome\partials\header.php on line 9.
 1 APPPATH\Views\websitehome\partials\header.php(9): CodeIgniter\Debug\Exceptions->errorHandler(2, 'Undefined variable $title', 'C:\\xampp\\htdocs\\dineMate\\app\\Views\\websitehome\\partials\\header.php', 9)
 2 SYSTEMPATH\View\View.php(224): include('C:\\xampp\\htdocs\\dineMate\\app\\Views\\websitehome\\partials\\header.php')
 3 SYSTEMPATH\View\View.php(227): CodeIgniter\View\View->CodeIgniter\View\{closure}()
 4 SYSTEMPATH\View\View.php(452): CodeIgniter\View\View->render('/websitehome/partials/header', null, true)
 5 APPPATH\Views\websitehome\home.php(4): CodeIgniter\View\View->include('/websitehome/partials/header')
 6 SYSTEMPATH\View\View.php(224): include('C:\\xampp\\htdocs\\dineMate\\app\\Views\\websitehome\\home.php')
 7 SYSTEMPATH\View\View.php(227): CodeIgniter\View\View->CodeIgniter\View\{closure}()
 8 SYSTEMPATH\Common.php(1180): CodeIgniter\View\View->render('websitehome/home', [], true)
 9 APPPATH\Controllers\Home.php(12): view('websitehome/home', [...])
10 SYSTEMPATH\CodeIgniter.php(932): App\Controllers\Home->index()
11 SYSTEMPATH\CodeIgniter.php(497): CodeIgniter\CodeIgniter->runController(Object(App\Controllers\Home))
12 SYSTEMPATH\CodeIgniter.php(366): CodeIgniter\CodeIgniter->handleRequest(null, Object(Config\Cache), false)
13 FCPATH\index.php(67): CodeIgniter\CodeIgniter->run()
14 SYSTEMPATH\Commands\Server\rewrite.php(47): require_once('C:\\xampp\\htdocs\\dineMate\\public\\index.php')
CRITICAL - 2023-11-26 16:36:18 --> Undefined variable $data
in APPPATH\Views\websitehome\partials\header.php on line 9.
 1 APPPATH\Views\websitehome\partials\header.php(9): CodeIgniter\Debug\Exceptions->errorHandler(2, 'Undefined variable $data', 'C:\\xampp\\htdocs\\dineMate\\app\\Views\\websitehome\\partials\\header.php', 9)
 2 SYSTEMPATH\View\View.php(224): include('C:\\xampp\\htdocs\\dineMate\\app\\Views\\websitehome\\partials\\header.php')
 3 SYSTEMPATH\View\View.php(227): CodeIgniter\View\View->CodeIgniter\View\{closure}()
 4 SYSTEMPATH\View\View.php(452): CodeIgniter\View\View->render('/websitehome/partials/header', null, true)
 5 APPPATH\Views\websitehome\home.php(4): CodeIgniter\View\View->include('/websitehome/partials/header')
 6 SYSTEMPATH\View\View.php(224): include('C:\\xampp\\htdocs\\dineMate\\app\\Views\\websitehome\\home.php')
 7 SYSTEMPATH\View\View.php(227): CodeIgniter\View\View->CodeIgniter\View\{closure}()
 8 SYSTEMPATH\Common.php(1180): CodeIgniter\View\View->render('websitehome/home', [], true)
 9 APPPATH\Controllers\Home.php(12): view('websitehome/home', [...])
10 SYSTEMPATH\CodeIgniter.php(932): App\Controllers\Home->index()
11 SYSTEMPATH\CodeIgniter.php(497): CodeIgniter\CodeIgniter->runController(Object(App\Controllers\Home))
12 SYSTEMPATH\CodeIgniter.php(366): CodeIgniter\CodeIgniter->handleRequest(null, Object(Config\Cache), false)
13 FCPATH\index.php(67): CodeIgniter\CodeIgniter->run()
14 SYSTEMPATH\Commands\Server\rewrite.php(47): require_once('C:\\xampp\\htdocs\\dineMate\\public\\index.php')
CRITICAL - 2023-11-26 16:36:19 --> Undefined variable $data
in APPPATH\Views\websitehome\partials\header.php on line 9.
 1 APPPATH\Views\websitehome\partials\header.php(9): CodeIgniter\Debug\Exceptions->errorHandler(2, 'Undefined variable $data', 'C:\\xampp\\htdocs\\dineMate\\app\\Views\\websitehome\\partials\\header.php', 9)
 2 SYSTEMPATH\View\View.php(224): include('C:\\xampp\\htdocs\\dineMate\\app\\Views\\websitehome\\partials\\header.php')
 3 SYSTEMPATH\View\View.php(227): CodeIgniter\View\View->CodeIgniter\View\{closure}()
 4 SYSTEMPATH\View\View.php(452): CodeIgniter\View\View->render('/websitehome/partials/header', null, true)
 5 APPPATH\Views\websitehome\home.php(4): CodeIgniter\View\View->include('/websitehome/partials/header')
 6 SYSTEMPATH\View\View.php(224): include('C:\\xampp\\htdocs\\dineMate\\app\\Views\\websitehome\\home.php')
 7 SYSTEMPATH\View\View.php(227): CodeIgniter\View\View->CodeIgniter\View\{closure}()
 8 SYSTEMPATH\Common.php(1180): CodeIgniter\View\View->render('websitehome/home', [], true)
 9 APPPATH\Controllers\Home.php(12): view('websitehome/home', [...])
10 SYSTEMPATH\CodeIgniter.php(932): App\Controllers\Home->index()
11 SYSTEMPATH\CodeIgniter.php(497): CodeIgniter\CodeIgniter->runController(Object(App\Controllers\Home))
12 SYSTEMPATH\CodeIgniter.php(366): CodeIgniter\CodeIgniter->handleRequest(null, Object(Config\Cache), false)
13 FCPATH\index.php(67): CodeIgniter\CodeIgniter->run()
14 SYSTEMPATH\Commands\Server\rewrite.php(47): require_once('C:\\xampp\\htdocs\\dineMate\\public\\index.php')
CRITICAL - 2023-11-26 16:36:52 --> Undefined variable $data
in APPPATH\Views\websitehome\partials\header.php on line 9.
 1 APPPATH\Views\websitehome\partials\header.php(9): CodeIgniter\Debug\Exceptions->errorHandler(2, 'Undefined variable $data', 'C:\\xampp\\htdocs\\dineMate\\app\\Views\\websitehome\\partials\\header.php', 9)
 2 SYSTEMPATH\View\View.php(224): include('C:\\xampp\\htdocs\\dineMate\\app\\Views\\websitehome\\partials\\header.php')
 3 SYSTEMPATH\View\View.php(227): CodeIgniter\View\View->CodeIgniter\View\{closure}()
 4 SYSTEMPATH\View\View.php(452): CodeIgniter\View\View->render('/websitehome/partials/header', null, true)
 5 APPPATH\Views\websitehome\home.php(4): CodeIgniter\View\View->include('/websitehome/partials/header')
 6 SYSTEMPATH\View\View.php(224): include('C:\\xampp\\htdocs\\dineMate\\app\\Views\\websitehome\\home.php')
 7 SYSTEMPATH\View\View.php(227): CodeIgniter\View\View->CodeIgniter\View\{closure}()
 8 SYSTEMPATH\Common.php(1180): CodeIgniter\View\View->render('websitehome/home', [], true)
 9 APPPATH\Controllers\Home.php(12): view('websitehome/home', [...])
10 SYSTEMPATH\CodeIgniter.php(932): App\Controllers\Home->index()
11 SYSTEMPATH\CodeIgniter.php(497): CodeIgniter\CodeIgniter->runController(Object(App\Controllers\Home))
12 SYSTEMPATH\CodeIgniter.php(366): CodeIgniter\CodeIgniter->handleRequest(null, Object(Config\Cache), false)
13 FCPATH\index.php(67): CodeIgniter\CodeIgniter->run()
14 SYSTEMPATH\Commands\Server\rewrite.php(47): require_once('C:\\xampp\\htdocs\\dineMate\\public\\index.php')
CRITICAL - 2023-11-26 16:36:53 --> Undefined variable $data
in APPPATH\Views\websitehome\partials\header.php on line 9.
 1 APPPATH\Views\websitehome\partials\header.php(9): CodeIgniter\Debug\Exceptions->errorHandler(2, 'Undefined variable $data', 'C:\\xampp\\htdocs\\dineMate\\app\\Views\\websitehome\\partials\\header.php', 9)
 2 SYSTEMPATH\View\View.php(224): include('C:\\xampp\\htdocs\\dineMate\\app\\Views\\websitehome\\partials\\header.php')
 3 SYSTEMPATH\View\View.php(227): CodeIgniter\View\View->CodeIgniter\View\{closure}()
 4 SYSTEMPATH\View\View.php(452): CodeIgniter\View\View->render('/websitehome/partials/header', null, true)
 5 APPPATH\Views\websitehome\home.php(4): CodeIgniter\View\View->include('/websitehome/partials/header')
 6 SYSTEMPATH\View\View.php(224): include('C:\\xampp\\htdocs\\dineMate\\app\\Views\\websitehome\\home.php')
 7 SYSTEMPATH\View\View.php(227): CodeIgniter\View\View->CodeIgniter\View\{closure}()
 8 SYSTEMPATH\Common.php(1180): CodeIgniter\View\View->render('websitehome/home', [], true)
 9 APPPATH\Controllers\Home.php(12): view('websitehome/home', [...])
10 SYSTEMPATH\CodeIgniter.php(932): App\Controllers\Home->index()
11 SYSTEMPATH\CodeIgniter.php(497): CodeIgniter\CodeIgniter->runController(Object(App\Controllers\Home))
12 SYSTEMPATH\CodeIgniter.php(366): CodeIgniter\CodeIgniter->handleRequest(null, Object(Config\Cache), false)
13 FCPATH\index.php(67): CodeIgniter\CodeIgniter->run()
14 SYSTEMPATH\Commands\Server\rewrite.php(47): require_once('C:\\xampp\\htdocs\\dineMate\\public\\index.php')
CRITICAL - 2023-11-26 16:37:30 --> Undefined variable $data
in APPPATH\Views\websitehome\partials\header.php on line 9.
 1 APPPATH\Views\websitehome\partials\header.php(9): CodeIgniter\Debug\Exceptions->errorHandler(2, 'Undefined variable $data', 'C:\\xampp\\htdocs\\dineMate\\app\\Views\\websitehome\\partials\\header.php', 9)
 2 SYSTEMPATH\View\View.php(224): include('C:\\xampp\\htdocs\\dineMate\\app\\Views\\websitehome\\partials\\header.php')
 3 SYSTEMPATH\View\View.php(227): CodeIgniter\View\View->CodeIgniter\View\{closure}()
 4 SYSTEMPATH\View\View.php(452): CodeIgniter\View\View->render('/websitehome/partials/header', null, true)
 5 APPPATH\Views\websitehome\home.php(4): CodeIgniter\View\View->include('/websitehome/partials/header')
 6 SYSTEMPATH\View\View.php(224): include('C:\\xampp\\htdocs\\dineMate\\app\\Views\\websitehome\\home.php')
 7 SYSTEMPATH\View\View.php(227): CodeIgniter\View\View->CodeIgniter\View\{closure}()
 8 SYSTEMPATH\Common.php(1180): CodeIgniter\View\View->render('websitehome/home', [], true)
 9 APPPATH\Controllers\Home.php(12): view('websitehome/home', [...])
10 SYSTEMPATH\CodeIgniter.php(932): App\Controllers\Home->index()
11 SYSTEMPATH\CodeIgniter.php(497): CodeIgniter\CodeIgniter->runController(Object(App\Controllers\Home))
12 SYSTEMPATH\CodeIgniter.php(366): CodeIgniter\CodeIgniter->handleRequest(null, Object(Config\Cache), false)
13 FCPATH\index.php(67): CodeIgniter\CodeIgniter->run()
14 SYSTEMPATH\Commands\Server\rewrite.php(47): require_once('C:\\xampp\\htdocs\\dineMate\\public\\index.php')
CRITICAL - 2023-11-26 16:37:31 --> Undefined variable $data
in APPPATH\Views\websitehome\partials\header.php on line 9.
 1 APPPATH\Views\websitehome\partials\header.php(9): CodeIgniter\Debug\Exceptions->errorHandler(2, 'Undefined variable $data', 'C:\\xampp\\htdocs\\dineMate\\app\\Views\\websitehome\\partials\\header.php', 9)
 2 SYSTEMPATH\View\View.php(224): include('C:\\xampp\\htdocs\\dineMate\\app\\Views\\websitehome\\partials\\header.php')
 3 SYSTEMPATH\View\View.php(227): CodeIgniter\View\View->CodeIgniter\View\{closure}()
 4 SYSTEMPATH\View\View.php(452): CodeIgniter\View\View->render('/websitehome/partials/header', null, true)
 5 APPPATH\Views\websitehome\home.php(4): CodeIgniter\View\View->include('/websitehome/partials/header')
 6 SYSTEMPATH\View\View.php(224): include('C:\\xampp\\htdocs\\dineMate\\app\\Views\\websitehome\\home.php')
 7 SYSTEMPATH\View\View.php(227): CodeIgniter\View\View->CodeIgniter\View\{closure}()
 8 SYSTEMPATH\Common.php(1180): CodeIgniter\View\View->render('websitehome/home', [], true)
 9 APPPATH\Controllers\Home.php(12): view('websitehome/home', [...])
10 SYSTEMPATH\CodeIgniter.php(932): App\Controllers\Home->index()
11 SYSTEMPATH\CodeIgniter.php(497): CodeIgniter\CodeIgniter->runController(Object(App\Controllers\Home))
12 SYSTEMPATH\CodeIgniter.php(366): CodeIgniter\CodeIgniter->handleRequest(null, Object(Config\Cache), false)
13 FCPATH\index.php(67): CodeIgniter\CodeIgniter->run()
14 SYSTEMPATH\Commands\Server\rewrite.php(47): require_once('C:\\xampp\\htdocs\\dineMate\\public\\index.php')
CRITICAL - 2023-11-26 16:37:32 --> Undefined variable $data
in APPPATH\Views\websitehome\partials\header.php on line 9.
 1 APPPATH\Views\websitehome\partials\header.php(9): CodeIgniter\Debug\Exceptions->errorHandler(2, 'Undefined variable $data', 'C:\\xampp\\htdocs\\dineMate\\app\\Views\\websitehome\\partials\\header.php', 9)
 2 SYSTEMPATH\View\View.php(224): include('C:\\xampp\\htdocs\\dineMate\\app\\Views\\websitehome\\partials\\header.php')
 3 SYSTEMPATH\View\View.php(227): CodeIgniter\View\View->CodeIgniter\View\{closure}()
 4 SYSTEMPATH\View\View.php(452): CodeIgniter\View\View->render('/websitehome/partials/header', null, true)
 5 APPPATH\Views\websitehome\home.php(4): CodeIgniter\View\View->include('/websitehome/partials/header')
 6 SYSTEMPATH\View\View.php(224): include('C:\\xampp\\htdocs\\dineMate\\app\\Views\\websitehome\\home.php')
 7 SYSTEMPATH\View\View.php(227): CodeIgniter\View\View->CodeIgniter\View\{closure}()
 8 SYSTEMPATH\Common.php(1180): CodeIgniter\View\View->render('websitehome/home', [], true)
 9 APPPATH\Controllers\Home.php(12): view('websitehome/home', [...])
10 SYSTEMPATH\CodeIgniter.php(932): App\Controllers\Home->index()
11 SYSTEMPATH\CodeIgniter.php(497): CodeIgniter\CodeIgniter->runController(Object(App\Controllers\Home))
12 SYSTEMPATH\CodeIgniter.php(366): CodeIgniter\CodeIgniter->handleRequest(null, Object(Config\Cache), false)
13 FCPATH\index.php(67): CodeIgniter\CodeIgniter->run()
14 SYSTEMPATH\Commands\Server\rewrite.php(47): require_once('C:\\xampp\\htdocs\\dineMate\\public\\index.php')
CRITICAL - 2023-11-26 16:38:08 --> Undefined variable $data
in APPPATH\Views\websitehome\partials\header.php on line 12.
 1 APPPATH\Views\websitehome\partials\header.php(12): CodeIgniter\Debug\Exceptions->errorHandler(2, 'Undefined variable $data', 'C:\\xampp\\htdocs\\dineMate\\app\\Views\\websitehome\\partials\\header.php', 12)
 2 SYSTEMPATH\View\View.php(224): include('C:\\xampp\\htdocs\\dineMate\\app\\Views\\websitehome\\partials\\header.php')
 3 SYSTEMPATH\View\View.php(227): CodeIgniter\View\View->CodeIgniter\View\{closure}()
 4 SYSTEMPATH\View\View.php(452): CodeIgniter\View\View->render('/websitehome/partials/header', null, true)
 5 APPPATH\Views\websitehome\home.php(4): CodeIgniter\View\View->include('/websitehome/partials/header')
 6 SYSTEMPATH\View\View.php(224): include('C:\\xampp\\htdocs\\dineMate\\app\\Views\\websitehome\\home.php')
 7 SYSTEMPATH\View\View.php(227): CodeIgniter\View\View->CodeIgniter\View\{closure}()
 8 SYSTEMPATH\Common.php(1180): CodeIgniter\View\View->render('websitehome/home', [], true)
 9 APPPATH\Controllers\Home.php(12): view('websitehome/home', [...])
10 SYSTEMPATH\CodeIgniter.php(932): App\Controllers\Home->index()
11 SYSTEMPATH\CodeIgniter.php(497): CodeIgniter\CodeIgniter->runController(Object(App\Controllers\Home))
12 SYSTEMPATH\CodeIgniter.php(366): CodeIgniter\CodeIgniter->handleRequest(null, Object(Config\Cache), false)
13 FCPATH\index.php(67): CodeIgniter\CodeIgniter->run()
14 SYSTEMPATH\Commands\Server\rewrite.php(47): require_once('C:\\xampp\\htdocs\\dineMate\\public\\index.php')
CRITICAL - 2023-11-26 16:39:09 --> Undefined property: App\Controllers\Home::$load
in APPPATH\Controllers\Home.php on line 12.
 1 APPPATH\Controllers\Home.php(12): CodeIgniter\Debug\Exceptions->errorHandler(2, 'Undefined property: App\\Controllers\\Home::$load', 'C:\\xampp\\htdocs\\dineMate\\app\\Controllers\\Home.php', 12)
 2 SYSTEMPATH\CodeIgniter.php(932): App\Controllers\Home->index()
 3 SYSTEMPATH\CodeIgniter.php(497): CodeIgniter\CodeIgniter->runController(Object(App\Controllers\Home))
 4 SYSTEMPATH\CodeIgniter.php(366): CodeIgniter\CodeIgniter->handleRequest(null, Object(Config\Cache), false)
 5 FCPATH\index.php(67): CodeIgniter\CodeIgniter->run()
 6 SYSTEMPATH\Commands\Server\rewrite.php(47): require_once('C:\\xampp\\htdocs\\dineMate\\public\\index.php')
CRITICAL - 2023-11-26 16:39:52 --> Undefined variable $data
in APPPATH\Views\websitehome\partials\header.php on line 12.
 1 APPPATH\Views\websitehome\partials\header.php(12): CodeIgniter\Debug\Exceptions->errorHandler(2, 'Undefined variable $data', 'C:\\xampp\\htdocs\\dineMate\\app\\Views\\websitehome\\partials\\header.php', 12)
 2 SYSTEMPATH\View\View.php(224): include('C:\\xampp\\htdocs\\dineMate\\app\\Views\\websitehome\\partials\\header.php')
 3 SYSTEMPATH\View\View.php(227): CodeIgniter\View\View->CodeIgniter\View\{closure}()
 4 SYSTEMPATH\View\View.php(452): CodeIgniter\View\View->render('/websitehome/partials/header', null, true)
 5 APPPATH\Views\websitehome\home.php(4): CodeIgniter\View\View->include('/websitehome/partials/header')
 6 SYSTEMPATH\View\View.php(224): include('C:\\xampp\\htdocs\\dineMate\\app\\Views\\websitehome\\home.php')
 7 SYSTEMPATH\View\View.php(227): CodeIgniter\View\View->CodeIgniter\View\{closure}()
 8 SYSTEMPATH\Common.php(1180): CodeIgniter\View\View->render('websitehome/home', [], true)
 9 APPPATH\Controllers\Home.php(12): view('websitehome/home', [...])
10 SYSTEMPATH\CodeIgniter.php(932): App\Controllers\Home->index()
11 SYSTEMPATH\CodeIgniter.php(497): CodeIgniter\CodeIgniter->runController(Object(App\Controllers\Home))
12 SYSTEMPATH\CodeIgniter.php(366): CodeIgniter\CodeIgniter->handleRequest(null, Object(Config\Cache), false)
13 FCPATH\index.php(67): CodeIgniter\CodeIgniter->run()
14 SYSTEMPATH\Commands\Server\rewrite.php(47): require_once('C:\\xampp\\htdocs\\dineMate\\public\\index.php')
CRITICAL - 2023-11-26 16:40:05 --> Undefined variable $data
in APPPATH\Views\websitehome\home.php on line 2.
 1 APPPATH\Views\websitehome\home.php(2): CodeIgniter\Debug\Exceptions->errorHandler(2, 'Undefined variable $data', 'C:\\xampp\\htdocs\\dineMate\\app\\Views\\websitehome\\home.php', 2)
 2 SYSTEMPATH\View\View.php(224): include('C:\\xampp\\htdocs\\dineMate\\app\\Views\\websitehome\\home.php')
 3 SYSTEMPATH\View\View.php(227): CodeIgniter\View\View->CodeIgniter\View\{closure}()
 4 SYSTEMPATH\Common.php(1180): CodeIgniter\View\View->render('websitehome/home', [], true)
 5 APPPATH\Controllers\Home.php(12): view('websitehome/home', [...])
 6 SYSTEMPATH\CodeIgniter.php(932): App\Controllers\Home->index()
 7 SYSTEMPATH\CodeIgniter.php(497): CodeIgniter\CodeIgniter->runController(Object(App\Controllers\Home))
 8 SYSTEMPATH\CodeIgniter.php(366): CodeIgniter\CodeIgniter->handleRequest(null, Object(Config\Cache), false)
 9 FCPATH\index.php(67): CodeIgniter\CodeIgniter->run()
10 SYSTEMPATH\Commands\Server\rewrite.php(47): require_once('C:\\xampp\\htdocs\\dineMate\\public\\index.php')
CRITICAL - 2023-11-26 16:40:06 --> Undefined variable $data
in APPPATH\Views\websitehome\home.php on line 2.
 1 APPPATH\Views\websitehome\home.php(2): CodeIgniter\Debug\Exceptions->errorHandler(2, 'Undefined variable $data', 'C:\\xampp\\htdocs\\dineMate\\app\\Views\\websitehome\\home.php', 2)
 2 SYSTEMPATH\View\View.php(224): include('C:\\xampp\\htdocs\\dineMate\\app\\Views\\websitehome\\home.php')
 3 SYSTEMPATH\View\View.php(227): CodeIgniter\View\View->CodeIgniter\View\{closure}()
 4 SYSTEMPATH\Common.php(1180): CodeIgniter\View\View->render('websitehome/home', [], true)
 5 APPPATH\Controllers\Home.php(12): view('websitehome/home', [...])
 6 SYSTEMPATH\CodeIgniter.php(932): App\Controllers\Home->index()
 7 SYSTEMPATH\CodeIgniter.php(497): CodeIgniter\CodeIgniter->runController(Object(App\Controllers\Home))
 8 SYSTEMPATH\CodeIgniter.php(366): CodeIgniter\CodeIgniter->handleRequest(null, Object(Config\Cache), false)
 9 FCPATH\index.php(67): CodeIgniter\CodeIgniter->run()
10 SYSTEMPATH\Commands\Server\rewrite.php(47): require_once('C:\\xampp\\htdocs\\dineMate\\public\\index.php')
CRITICAL - 2023-11-26 16:40:30 --> Undefined variable $data
in APPPATH\Views\websitehome\partials\header.php on line 12.
 1 APPPATH\Views\websitehome\partials\header.php(12): CodeIgniter\Debug\Exceptions->errorHandler(2, 'Undefined variable $data', 'C:\\xampp\\htdocs\\dineMate\\app\\Views\\websitehome\\partials\\header.php', 12)
 2 SYSTEMPATH\View\View.php(224): include('C:\\xampp\\htdocs\\dineMate\\app\\Views\\websitehome\\partials\\header.php')
 3 SYSTEMPATH\View\View.php(227): CodeIgniter\View\View->CodeIgniter\View\{closure}()
 4 SYSTEMPATH\View\View.php(452): CodeIgniter\View\View->render('/websitehome/partials/header', null, true)
 5 APPPATH\Views\websitehome\home.php(2): CodeIgniter\View\View->include('/websitehome/partials/header')
 6 SYSTEMPATH\View\View.php(224): include('C:\\xampp\\htdocs\\dineMate\\app\\Views\\websitehome\\home.php')
 7 SYSTEMPATH\View\View.php(227): CodeIgniter\View\View->CodeIgniter\View\{closure}()
 8 SYSTEMPATH\Common.php(1180): CodeIgniter\View\View->render('websitehome/home', [], true)
 9 APPPATH\Controllers\Home.php(12): view('websitehome/home', [...])
10 SYSTEMPATH\CodeIgniter.php(932): App\Controllers\Home->index()
11 SYSTEMPATH\CodeIgniter.php(497): CodeIgniter\CodeIgniter->runController(Object(App\Controllers\Home))
12 SYSTEMPATH\CodeIgniter.php(366): CodeIgniter\CodeIgniter->handleRequest(null, Object(Config\Cache), false)
13 FCPATH\index.php(67): CodeIgniter\CodeIgniter->run()
14 SYSTEMPATH\Commands\Server\rewrite.php(47): require_once('C:\\xampp\\htdocs\\dineMate\\public\\index.php')
INFO - 2023-11-26 16:54:24 --> Session: Class initialized using 'CodeIgniter\Session\Handlers\FileHandler' driver.
INFO - 2023-11-26 16:59:02 --> Session: Class initialized using 'CodeIgniter\Session\Handlers\FileHandler' driver.
CRITICAL - 2023-11-26 19:33:29 --> Array to string conversion
in APPPATH\Views\websitehome\home.php on line 13.
 1 APPPATH\Views\websitehome\home.php(13): CodeIgniter\Debug\Exceptions->errorHandler(2, 'Array to string conversion', 'C:\\xampp\\htdocs\\dineMate\\app\\Views\\websitehome\\home.php', 13)
 2 SYSTEMPATH\View\View.php(224): include('C:\\xampp\\htdocs\\dineMate\\app\\Views\\websitehome\\home.php')
 3 SYSTEMPATH\View\View.php(227): CodeIgniter\View\View->CodeIgniter\View\{closure}()
 4 SYSTEMPATH\Common.php(1180): CodeIgniter\View\View->render('websitehome/home', [], true)
 5 APPPATH\Controllers\Home.php(18): view('websitehome/home', [...])
 6 SYSTEMPATH\CodeIgniter.php(932): App\Controllers\Home->index()
 7 SYSTEMPATH\CodeIgniter.php(497): CodeIgniter\CodeIgniter->runController(Object(App\Controllers\Home))
 8 SYSTEMPATH\CodeIgniter.php(366): CodeIgniter\CodeIgniter->handleRequest(null, Object(Config\Cache), false)
 9 FCPATH\index.php(67): CodeIgniter\CodeIgniter->run()
10 SYSTEMPATH\Commands\Server\rewrite.php(47): require_once('C:\\xampp\\htdocs\\dineMate\\public\\index.php')
CRITICAL - 2023-11-26 19:33:43 --> Undefined variable $data
in APPPATH\Views\websitehome\home.php on line 13.
 1 APPPATH\Views\websitehome\home.php(13): CodeIgniter\Debug\Exceptions->errorHandler(2, 'Undefined variable $data', 'C:\\xampp\\htdocs\\dineMate\\app\\Views\\websitehome\\home.php', 13)
 2 SYSTEMPATH\View\View.php(224): include('C:\\xampp\\htdocs\\dineMate\\app\\Views\\websitehome\\home.php')
 3 SYSTEMPATH\View\View.php(227): CodeIgniter\View\View->CodeIgniter\View\{closure}()
 4 SYSTEMPATH\Common.php(1180): CodeIgniter\View\View->render('websitehome/home', [], true)
 5 APPPATH\Controllers\Home.php(18): view('websitehome/home', [...])
 6 SYSTEMPATH\CodeIgniter.php(932): App\Controllers\Home->index()
 7 SYSTEMPATH\CodeIgniter.php(497): CodeIgniter\CodeIgniter->runController(Object(App\Controllers\Home))
 8 SYSTEMPATH\CodeIgniter.php(366): CodeIgniter\CodeIgniter->handleRequest(null, Object(Config\Cache), false)
 9 FCPATH\index.php(67): CodeIgniter\CodeIgniter->run()
10 SYSTEMPATH\Commands\Server\rewrite.php(47): require_once('C:\\xampp\\htdocs\\dineMate\\public\\index.php')
CRITICAL - 2023-11-26 19:33:50 --> Array to string conversion
in APPPATH\Views\websitehome\home.php on line 13.
 1 APPPATH\Views\websitehome\home.php(13): CodeIgniter\Debug\Exceptions->errorHandler(2, 'Array to string conversion', 'C:\\xampp\\htdocs\\dineMate\\app\\Views\\websitehome\\home.php', 13)
 2 SYSTEMPATH\View\View.php(224): include('C:\\xampp\\htdocs\\dineMate\\app\\Views\\websitehome\\home.php')
 3 SYSTEMPATH\View\View.php(227): CodeIgniter\View\View->CodeIgniter\View\{closure}()
 4 SYSTEMPATH\Common.php(1180): CodeIgniter\View\View->render('websitehome/home', [], true)
 5 APPPATH\Controllers\Home.php(18): view('websitehome/home', [...])
 6 SYSTEMPATH\CodeIgniter.php(932): App\Controllers\Home->index()
 7 SYSTEMPATH\CodeIgniter.php(497): CodeIgniter\CodeIgniter->runController(Object(App\Controllers\Home))
 8 SYSTEMPATH\CodeIgniter.php(366): CodeIgniter\CodeIgniter->handleRequest(null, Object(Config\Cache), false)
 9 FCPATH\index.php(67): CodeIgniter\CodeIgniter->run()
10 SYSTEMPATH\Commands\Server\rewrite.php(47): require_once('C:\\xampp\\htdocs\\dineMate\\public\\index.php')
CRITICAL - 2023-11-26 19:41:46 --> Class "Http\Adapter\Guzzle6\Client" not found
in APPPATH\Controllers\Home.php on line 36.
 1 APPPATH\Controllers\Home.php(30): App\Controllers\Home->convertLatLongToAddress(45.7506816, 21.2074496)
 2 SYSTEMPATH\CodeIgniter.php(932): App\Controllers\Home->getLocationData()
 3 SYSTEMPATH\CodeIgniter.php(497): CodeIgniter\CodeIgniter->runController(Object(App\Controllers\Home))
 4 SYSTEMPATH\CodeIgniter.php(366): CodeIgniter\CodeIgniter->handleRequest(null, Object(Config\Cache), false)
 5 FCPATH\index.php(67): CodeIgniter\CodeIgniter->run()
 6 SYSTEMPATH\Commands\Server\rewrite.php(47): require_once('C:\\xampp\\htdocs\\dineMate\\public\\index.php')
CRITICAL - 2023-11-26 19:42:10 --> Class "Http\Adapter\Guzzle6\Client" not found
in APPPATH\Controllers\Home.php on line 36.
 1 APPPATH\Controllers\Home.php(30): App\Controllers\Home->convertLatLongToAddress(45.7506816, 21.2074496)
 2 SYSTEMPATH\CodeIgniter.php(932): App\Controllers\Home->getLocationData()
 3 SYSTEMPATH\CodeIgniter.php(497): CodeIgniter\CodeIgniter->runController(Object(App\Controllers\Home))
 4 SYSTEMPATH\CodeIgniter.php(366): CodeIgniter\CodeIgniter->handleRequest(null, Object(Config\Cache), false)
 5 FCPATH\index.php(67): CodeIgniter\CodeIgniter->run()
 6 SYSTEMPATH\Commands\Server\rewrite.php(47): require_once('C:\\xampp\\htdocs\\dineMate\\public\\index.php')
CRITICAL - 2023-11-26 19:45:46 --> Class "Geocoder\Provider\Nominatim\Nominatim" not found
in APPPATH\Controllers\Home.php on line 38.
 1 APPPATH\Controllers\Home.php(31): App\Controllers\Home->convertLatLongToAddress(45.7506816, 21.2074496)
 2 SYSTEMPATH\CodeIgniter.php(932): App\Controllers\Home->getLocationData()
 3 SYSTEMPATH\CodeIgniter.php(497): CodeIgniter\CodeIgniter->runController(Object(App\Controllers\Home))
 4 SYSTEMPATH\CodeIgniter.php(366): CodeIgniter\CodeIgniter->handleRequest(null, Object(Config\Cache), false)
 5 FCPATH\index.php(67): CodeIgniter\CodeIgniter->run()
 6 SYSTEMPATH\Commands\Server\rewrite.php(47): require_once('C:\\xampp\\htdocs\\dineMate\\public\\index.php')
CRITICAL - 2023-11-26 19:46:17 --> Class "Http\Adapter\Guzzle6\Client" not found
in APPPATH\Controllers\Home.php on line 38.
 1 APPPATH\Controllers\Home.php(31): App\Controllers\Home->convertLatLongToAddress(45.7506816, 21.2074496)
 2 SYSTEMPATH\CodeIgniter.php(932): App\Controllers\Home->getLocationData()
 3 SYSTEMPATH\CodeIgniter.php(497): CodeIgniter\CodeIgniter->runController(Object(App\Controllers\Home))
 4 SYSTEMPATH\CodeIgniter.php(366): CodeIgniter\CodeIgniter->handleRequest(null, Object(Config\Cache), false)
 5 FCPATH\index.php(67): CodeIgniter\CodeIgniter->run()
 6 SYSTEMPATH\Commands\Server\rewrite.php(47): require_once('C:\\xampp\\htdocs\\dineMate\\public\\index.php')
CRITICAL - 2023-11-26 19:46:33 --> Class "Http\Adapter\Guzzle6\Client" not found
in APPPATH\Controllers\Home.php on line 38.
 1 APPPATH\Controllers\Home.php(31): App\Controllers\Home->convertLatLongToAddress(45.7506816, 21.2074496)
 2 SYSTEMPATH\CodeIgniter.php(932): App\Controllers\Home->getLocationData()
 3 SYSTEMPATH\CodeIgniter.php(497): CodeIgniter\CodeIgniter->runController(Object(App\Controllers\Home))
 4 SYSTEMPATH\CodeIgniter.php(366): CodeIgniter\CodeIgniter->handleRequest(null, Object(Config\Cache), false)
 5 FCPATH\index.php(67): CodeIgniter\CodeIgniter->run()
 6 SYSTEMPATH\Commands\Server\rewrite.php(47): require_once('C:\\xampp\\htdocs\\dineMate\\public\\index.php')
CRITICAL - 2023-11-26 19:47:50 --> Class "Http\Adapter\Guzzle6\Client" not found
in APPPATH\Controllers\Home.php on line 37.
 1 APPPATH\Controllers\Home.php(31): App\Controllers\Home->convertLatLongToAddress(45.7506816, 21.2074496)
 2 SYSTEMPATH\CodeIgniter.php(932): App\Controllers\Home->getLocationData()
 3 SYSTEMPATH\CodeIgniter.php(497): CodeIgniter\CodeIgniter->runController(Object(App\Controllers\Home))
 4 SYSTEMPATH\CodeIgniter.php(366): CodeIgniter\CodeIgniter->handleRequest(null, Object(Config\Cache), false)
 5 FCPATH\index.php(67): CodeIgniter\CodeIgniter->run()
 6 SYSTEMPATH\Commands\Server\rewrite.php(47): require_once('C:\\xampp\\htdocs\\dineMate\\public\\index.php')
CRITICAL - 2023-11-26 19:48:05 --> Http\Adapter\Guzzle7\Client::__construct(): Argument #1 ($guzzle) must be of type ?GuzzleHttp\ClientInterface, Http\Adapter\Guzzle7\Client given, called in C:\xampp\htdocs\dineMate\app\Controllers\Home.php on line 38
in VENDORPATH\php-http\guzzle7-adapter\src\Client.php on line 29.
 1 APPPATH\Controllers\Home.php(38): Http\Adapter\Guzzle7\Client->__construct(Object(Http\Adapter\Guzzle7\Client))
 2 APPPATH\Controllers\Home.php(31): App\Controllers\Home->convertLatLongToAddress(45.7506816, 21.2074496)
 3 SYSTEMPATH\CodeIgniter.php(932): App\Controllers\Home->getLocationData()
 4 SYSTEMPATH\CodeIgniter.php(497): CodeIgniter\CodeIgniter->runController(Object(App\Controllers\Home))
 5 SYSTEMPATH\CodeIgniter.php(366): CodeIgniter\CodeIgniter->handleRequest(null, Object(Config\Cache), false)
 6 FCPATH\index.php(67): CodeIgniter\CodeIgniter->run()
 7 SYSTEMPATH\Commands\Server\rewrite.php(47): require_once('C:\\xampp\\htdocs\\dineMate\\public\\index.php')
CRITICAL - 2023-11-26 19:48:10 --> Class "App\Controllers\Client" not found
in APPPATH\Controllers\Home.php on line 36.
 1 APPPATH\Controllers\Home.php(30): App\Controllers\Home->convertLatLongToAddress(45.7506816, 21.2074496)
 2 SYSTEMPATH\CodeIgniter.php(932): App\Controllers\Home->getLocationData()
 3 SYSTEMPATH\CodeIgniter.php(497): CodeIgniter\CodeIgniter->runController(Object(App\Controllers\Home))
 4 SYSTEMPATH\CodeIgniter.php(366): CodeIgniter\CodeIgniter->handleRequest(null, Object(Config\Cache), false)
 5 FCPATH\index.php(67): CodeIgniter\CodeIgniter->run()
 6 SYSTEMPATH\Commands\Server\rewrite.php(47): require_once('C:\\xampp\\htdocs\\dineMate\\public\\index.php')
CRITICAL - 2023-11-26 19:48:42 --> Http\Adapter\Guzzle7\Client::__construct(): Argument #1 ($guzzle) must be of type ?GuzzleHttp\ClientInterface, Http\Adapter\Guzzle7\Client given, called in C:\xampp\htdocs\dineMate\app\Controllers\Home.php on line 39
in VENDORPATH\php-http\guzzle7-adapter\src\Client.php on line 29.
 1 APPPATH\Controllers\Home.php(39): Http\Adapter\Guzzle7\Client->__construct(Object(Http\Adapter\Guzzle7\Client))
 2 APPPATH\Controllers\Home.php(32): App\Controllers\Home->convertLatLongToAddress(45.7506816, 21.2074496)
 3 SYSTEMPATH\CodeIgniter.php(932): App\Controllers\Home->getLocationData()
 4 SYSTEMPATH\CodeIgniter.php(497): CodeIgniter\CodeIgniter->runController(Object(App\Controllers\Home))
 5 SYSTEMPATH\CodeIgniter.php(366): CodeIgniter\CodeIgniter->handleRequest(null, Object(Config\Cache), false)
 6 FCPATH\index.php(67): CodeIgniter\CodeIgniter->run()
 7 SYSTEMPATH\Commands\Server\rewrite.php(47): require_once('C:\\xampp\\htdocs\\dineMate\\public\\index.php')
CRITICAL - 2023-11-26 19:49:27 --> Class "Geocoder\Provider\Nominatim\Nominatim" not found
in APPPATH\Controllers\Home.php on line 41.
 1 APPPATH\Controllers\Home.php(32): App\Controllers\Home->convertLatLongToAddress(45.7506816, 21.2074496)
 2 SYSTEMPATH\CodeIgniter.php(932): App\Controllers\Home->getLocationData()
 3 SYSTEMPATH\CodeIgniter.php(497): CodeIgniter\CodeIgniter->runController(Object(App\Controllers\Home))
 4 SYSTEMPATH\CodeIgniter.php(366): CodeIgniter\CodeIgniter->handleRequest(null, Object(Config\Cache), false)
 5 FCPATH\index.php(67): CodeIgniter\CodeIgniter->run()
 6 SYSTEMPATH\Commands\Server\rewrite.php(47): require_once('C:\\xampp\\htdocs\\dineMate\\public\\index.php')
CRITICAL - 2023-11-26 19:49:52 --> Class "Geocoder\Provider\Nominatim\Nominatim" not found
in APPPATH\Controllers\Home.php on line 41.
 1 APPPATH\Controllers\Home.php(32): App\Controllers\Home->convertLatLongToAddress(45.7506816, 21.2074496)
 2 SYSTEMPATH\CodeIgniter.php(932): App\Controllers\Home->getLocationData()
 3 SYSTEMPATH\CodeIgniter.php(497): CodeIgniter\CodeIgniter->runController(Object(App\Controllers\Home))
 4 SYSTEMPATH\CodeIgniter.php(366): CodeIgniter\CodeIgniter->handleRequest(null, Object(Config\Cache), false)
 5 FCPATH\index.php(67): CodeIgniter\CodeIgniter->run()
 6 SYSTEMPATH\Commands\Server\rewrite.php(47): require_once('C:\\xampp\\htdocs\\dineMate\\public\\index.php')
CRITICAL - 2023-11-26 19:50:34 --> Class "Geocoder\Provider\Nominatim\Nominatim" not found
in APPPATH\Controllers\Home.php on line 41.
 1 APPPATH\Controllers\Home.php(32): App\Controllers\Home->convertLatLongToAddress(45.7506816, 21.2074496)
 2 SYSTEMPATH\CodeIgniter.php(932): App\Controllers\Home->getLocationData()
 3 SYSTEMPATH\CodeIgniter.php(497): CodeIgniter\CodeIgniter->runController(Object(App\Controllers\Home))
 4 SYSTEMPATH\CodeIgniter.php(366): CodeIgniter\CodeIgniter->handleRequest(null, Object(Config\Cache), false)
 5 FCPATH\index.php(67): CodeIgniter\CodeIgniter->run()
 6 SYSTEMPATH\Commands\Server\rewrite.php(47): require_once('C:\\xampp\\htdocs\\dineMate\\public\\index.php')
CRITICAL - 2023-11-26 19:50:58 --> Class "App\Controllers\Nominatim" not found
in APPPATH\Controllers\Home.php on line 41.
 1 APPPATH\Controllers\Home.php(32): App\Controllers\Home->convertLatLongToAddress(45.7506816, 21.2074496)
 2 SYSTEMPATH\CodeIgniter.php(932): App\Controllers\Home->getLocationData()
 3 SYSTEMPATH\CodeIgniter.php(497): CodeIgniter\CodeIgniter->runController(Object(App\Controllers\Home))
 4 SYSTEMPATH\CodeIgniter.php(366): CodeIgniter\CodeIgniter->handleRequest(null, Object(Config\Cache), false)
 5 FCPATH\index.php(67): CodeIgniter\CodeIgniter->run()
 6 SYSTEMPATH\Commands\Server\rewrite.php(47): require_once('C:\\xampp\\htdocs\\dineMate\\public\\index.php')
CRITICAL - 2023-11-26 19:51:04 --> Class "Geocoder\Provider\Nominatim\Nominatim" not found
in APPPATH\Controllers\Home.php on line 42.
 1 APPPATH\Controllers\Home.php(33): App\Controllers\Home->convertLatLongToAddress(45.7506816, 21.2074496)
 2 SYSTEMPATH\CodeIgniter.php(932): App\Controllers\Home->getLocationData()
 3 SYSTEMPATH\CodeIgniter.php(497): CodeIgniter\CodeIgniter->runController(Object(App\Controllers\Home))
 4 SYSTEMPATH\CodeIgniter.php(366): CodeIgniter\CodeIgniter->handleRequest(null, Object(Config\Cache), false)
 5 FCPATH\index.php(67): CodeIgniter\CodeIgniter->run()
 6 SYSTEMPATH\Commands\Server\rewrite.php(47): require_once('C:\\xampp\\htdocs\\dineMate\\public\\index.php')
CRITICAL - 2023-11-26 19:51:30 --> Class "Geocoder\Provider\Nominatim\Nominatim" not found
in APPPATH\Controllers\Home.php on line 42.
 1 APPPATH\Controllers\Home.php(33): App\Controllers\Home->convertLatLongToAddress(45.7506816, 21.2074496)
 2 SYSTEMPATH\CodeIgniter.php(932): App\Controllers\Home->getLocationData()
 3 SYSTEMPATH\CodeIgniter.php(497): CodeIgniter\CodeIgniter->runController(Object(App\Controllers\Home))
 4 SYSTEMPATH\CodeIgniter.php(366): CodeIgniter\CodeIgniter->handleRequest(null, Object(Config\Cache), false)
 5 FCPATH\index.php(67): CodeIgniter\CodeIgniter->run()
 6 SYSTEMPATH\Commands\Server\rewrite.php(47): require_once('C:\\xampp\\htdocs\\dineMate\\public\\index.php')
CRITICAL - 2023-11-26 19:51:43 --> Class "Geocoder\Provider\Nominatim\Nominatim" not found
in APPPATH\Controllers\Home.php on line 41.
 1 APPPATH\Controllers\Home.php(33): App\Controllers\Home->convertLatLongToAddress(45.7506816, 21.2074496)
 2 SYSTEMPATH\CodeIgniter.php(932): App\Controllers\Home->getLocationData()
 3 SYSTEMPATH\CodeIgniter.php(497): CodeIgniter\CodeIgniter->runController(Object(App\Controllers\Home))
 4 SYSTEMPATH\CodeIgniter.php(366): CodeIgniter\CodeIgniter->handleRequest(null, Object(Config\Cache), false)
 5 FCPATH\index.php(67): CodeIgniter\CodeIgniter->run()
 6 SYSTEMPATH\Commands\Server\rewrite.php(47): require_once('C:\\xampp\\htdocs\\dineMate\\public\\index.php')
CRITICAL - 2023-11-26 19:58:08 --> Class "Geocoder\Provider\Nominatim\Nominatim" not found
in APPPATH\Controllers\Home.php on line 41.
 1 APPPATH\Controllers\Home.php(33): App\Controllers\Home->convertLatLongToAddress(45.7506816, 21.2074496)
 2 SYSTEMPATH\CodeIgniter.php(932): App\Controllers\Home->getLocationData()
 3 SYSTEMPATH\CodeIgniter.php(497): CodeIgniter\CodeIgniter->runController(Object(App\Controllers\Home))
 4 SYSTEMPATH\CodeIgniter.php(366): CodeIgniter\CodeIgniter->handleRequest(null, Object(Config\Cache), false)
 5 FCPATH\index.php(67): CodeIgniter\CodeIgniter->run()
 6 SYSTEMPATH\Commands\Server\rewrite.php(47): require_once('C:\\xampp\\htdocs\\dineMate\\public\\index.php')
