CRITICAL - 2023-10-24 14:11:42 --> include(websitehome/includes/header): Failed to open stream: No such file or directory
in APPPATH\Views\websitehome\home.php on line 1.
 1 APPPATH\Views\websitehome\home.php(1): CodeIgniter\Debug\Exceptions->errorHandler(2, 'include(websitehome/includes/header): Failed to open stream: No such file or directory', 'C:\\xampp\\htdocs\\Ci4_project1\\app\\Views\\websitehome\\home.php', 1)
 2 APPPATH\Views\websitehome\home.php(1): include()
 3 SYSTEMPATH\View\View.php(224): include('C:\\xampp\\htdocs\\Ci4_project1\\app\\Views\\websitehome\\home.php')
 4 SYSTEMPATH\View\View.php(227): CodeIgniter\View\View->CodeIgniter\View\{closure}()
 5 SYSTEMPATH\Common.php(1180): CodeIgniter\View\View->render('websitehome/home', [], true)
 6 APPPATH\Controllers\Home.php(9): view('websitehome/home')
 7 SYSTEMPATH\CodeIgniter.php(932): App\Controllers\Home->index()
 8 SYSTEMPATH\CodeIgniter.php(497): CodeIgniter\CodeIgniter->runController(Object(App\Controllers\Home))
 9 SYSTEMPATH\CodeIgniter.php(366): CodeIgniter\CodeIgniter->handleRequest(null, Object(Config\Cache), false)
10 FCPATH\index.php(67): CodeIgniter\CodeIgniter->run()
11 SYSTEMPATH\Commands\Server\rewrite.php(47): require_once('C:\\xampp\\htdocs\\Ci4_project1\\public\\index.php')
CRITICAL - 2023-10-24 14:11:51 --> include(/websitehome/includes/header): Failed to open stream: No such file or directory
in APPPATH\Views\websitehome\home.php on line 1.
 1 APPPATH\Views\websitehome\home.php(1): CodeIgniter\Debug\Exceptions->errorHandler(2, 'include(/websitehome/includes/header): Failed to open stream: No such file or directory', 'C:\\xampp\\htdocs\\Ci4_project1\\app\\Views\\websitehome\\home.php', 1)
 2 APPPATH\Views\websitehome\home.php(1): include()
 3 SYSTEMPATH\View\View.php(224): include('C:\\xampp\\htdocs\\Ci4_project1\\app\\Views\\websitehome\\home.php')
 4 SYSTEMPATH\View\View.php(227): CodeIgniter\View\View->CodeIgniter\View\{closure}()
 5 SYSTEMPATH\Common.php(1180): CodeIgniter\View\View->render('websitehome/home', [], true)
 6 APPPATH\Controllers\Home.php(9): view('websitehome/home')
 7 SYSTEMPATH\CodeIgniter.php(932): App\Controllers\Home->index()
 8 SYSTEMPATH\CodeIgniter.php(497): CodeIgniter\CodeIgniter->runController(Object(App\Controllers\Home))
 9 SYSTEMPATH\CodeIgniter.php(366): CodeIgniter\CodeIgniter->handleRequest(null, Object(Config\Cache), false)
10 FCPATH\index.php(67): CodeIgniter\CodeIgniter->run()
11 SYSTEMPATH\Commands\Server\rewrite.php(47): require_once('C:\\xampp\\htdocs\\Ci4_project1\\public\\index.php')
CRITICAL - 2023-10-24 14:12:17 --> include(/websitehome/includes/header): Failed to open stream: No such file or directory
in APPPATH\Views\websitehome\home.php on line 1.
 1 APPPATH\Views\websitehome\home.php(1): CodeIgniter\Debug\Exceptions->errorHandler(2, 'include(/websitehome/includes/header): Failed to open stream: No such file or directory', 'C:\\xampp\\htdocs\\Ci4_project1\\app\\Views\\websitehome\\home.php', 1)
 2 APPPATH\Views\websitehome\home.php(1): include()
 3 SYSTEMPATH\View\View.php(224): include('C:\\xampp\\htdocs\\Ci4_project1\\app\\Views\\websitehome\\home.php')
 4 SYSTEMPATH\View\View.php(227): CodeIgniter\View\View->CodeIgniter\View\{closure}()
 5 SYSTEMPATH\Common.php(1180): CodeIgniter\View\View->render('websitehome/home', [], true)
 6 APPPATH\Controllers\Home.php(9): view('websitehome/home')
 7 SYSTEMPATH\CodeIgniter.php(932): App\Controllers\Home->index()
 8 SYSTEMPATH\CodeIgniter.php(497): CodeIgniter\CodeIgniter->runController(Object(App\Controllers\Home))
 9 SYSTEMPATH\CodeIgniter.php(366): CodeIgniter\CodeIgniter->handleRequest(null, Object(Config\Cache), false)
10 FCPATH\index.php(67): CodeIgniter\CodeIgniter->run()
11 SYSTEMPATH\Commands\Server\rewrite.php(47): require_once('C:\\xampp\\htdocs\\Ci4_project1\\public\\index.php')
CRITICAL - 2023-10-24 14:12:18 --> include(/websitehome/includes/header): Failed to open stream: No such file or directory
in APPPATH\Views\websitehome\home.php on line 1.
 1 APPPATH\Views\websitehome\home.php(1): CodeIgniter\Debug\Exceptions->errorHandler(2, 'include(/websitehome/includes/header): Failed to open stream: No such file or directory', 'C:\\xampp\\htdocs\\Ci4_project1\\app\\Views\\websitehome\\home.php', 1)
 2 APPPATH\Views\websitehome\home.php(1): include()
 3 SYSTEMPATH\View\View.php(224): include('C:\\xampp\\htdocs\\Ci4_project1\\app\\Views\\websitehome\\home.php')
 4 SYSTEMPATH\View\View.php(227): CodeIgniter\View\View->CodeIgniter\View\{closure}()
 5 SYSTEMPATH\Common.php(1180): CodeIgniter\View\View->render('websitehome/home', [], true)
 6 APPPATH\Controllers\Home.php(9): view('websitehome/home')
 7 SYSTEMPATH\CodeIgniter.php(932): App\Controllers\Home->index()
 8 SYSTEMPATH\CodeIgniter.php(497): CodeIgniter\CodeIgniter->runController(Object(App\Controllers\Home))
 9 SYSTEMPATH\CodeIgniter.php(366): CodeIgniter\CodeIgniter->handleRequest(null, Object(Config\Cache), false)
10 FCPATH\index.php(67): CodeIgniter\CodeIgniter->run()
11 SYSTEMPATH\Commands\Server\rewrite.php(47): require_once('C:\\xampp\\htdocs\\Ci4_project1\\public\\index.php')
CRITICAL - 2023-10-24 14:12:19 --> include(/websitehome/includes/header): Failed to open stream: No such file or directory
in APPPATH\Views\websitehome\home.php on line 1.
 1 APPPATH\Views\websitehome\home.php(1): CodeIgniter\Debug\Exceptions->errorHandler(2, 'include(/websitehome/includes/header): Failed to open stream: No such file or directory', 'C:\\xampp\\htdocs\\Ci4_project1\\app\\Views\\websitehome\\home.php', 1)
 2 APPPATH\Views\websitehome\home.php(1): include()
 3 SYSTEMPATH\View\View.php(224): include('C:\\xampp\\htdocs\\Ci4_project1\\app\\Views\\websitehome\\home.php')
 4 SYSTEMPATH\View\View.php(227): CodeIgniter\View\View->CodeIgniter\View\{closure}()
 5 SYSTEMPATH\Common.php(1180): CodeIgniter\View\View->render('websitehome/home', [], true)
 6 APPPATH\Controllers\Home.php(9): view('websitehome/home')
 7 SYSTEMPATH\CodeIgniter.php(932): App\Controllers\Home->index()
 8 SYSTEMPATH\CodeIgniter.php(497): CodeIgniter\CodeIgniter->runController(Object(App\Controllers\Home))
 9 SYSTEMPATH\CodeIgniter.php(366): CodeIgniter\CodeIgniter->handleRequest(null, Object(Config\Cache), false)
10 FCPATH\index.php(67): CodeIgniter\CodeIgniter->run()
11 SYSTEMPATH\Commands\Server\rewrite.php(47): require_once('C:\\xampp\\htdocs\\Ci4_project1\\public\\index.php')
CRITICAL - 2023-10-24 14:12:28 --> include(/websitehome/includes/header): Failed to open stream: No such file or directory
in APPPATH\Views\websitehome\home.php on line 1.
 1 APPPATH\Views\websitehome\home.php(1): CodeIgniter\Debug\Exceptions->errorHandler(2, 'include(/websitehome/includes/header): Failed to open stream: No such file or directory', 'C:\\xampp\\htdocs\\Ci4_project1\\app\\Views\\websitehome\\home.php', 1)
 2 APPPATH\Views\websitehome\home.php(1): include()
 3 SYSTEMPATH\View\View.php(224): include('C:\\xampp\\htdocs\\Ci4_project1\\app\\Views\\websitehome\\home.php')
 4 SYSTEMPATH\View\View.php(227): CodeIgniter\View\View->CodeIgniter\View\{closure}()
 5 SYSTEMPATH\Common.php(1180): CodeIgniter\View\View->render('websitehome/home', [], true)
 6 APPPATH\Controllers\Home.php(9): view('websitehome/home')
 7 SYSTEMPATH\CodeIgniter.php(932): App\Controllers\Home->index()
 8 SYSTEMPATH\CodeIgniter.php(497): CodeIgniter\CodeIgniter->runController(Object(App\Controllers\Home))
 9 SYSTEMPATH\CodeIgniter.php(366): CodeIgniter\CodeIgniter->handleRequest(null, Object(Config\Cache), false)
10 FCPATH\index.php(67): CodeIgniter\CodeIgniter->run()
11 SYSTEMPATH\Commands\Server\rewrite.php(47): require_once('C:\\xampp\\htdocs\\Ci4_project1\\public\\index.php')
CRITICAL - 2023-10-24 14:12:29 --> include(/websitehome/includes/header): Failed to open stream: No such file or directory
in APPPATH\Views\websitehome\home.php on line 1.
 1 APPPATH\Views\websitehome\home.php(1): CodeIgniter\Debug\Exceptions->errorHandler(2, 'include(/websitehome/includes/header): Failed to open stream: No such file or directory', 'C:\\xampp\\htdocs\\Ci4_project1\\app\\Views\\websitehome\\home.php', 1)
 2 APPPATH\Views\websitehome\home.php(1): include()
 3 SYSTEMPATH\View\View.php(224): include('C:\\xampp\\htdocs\\Ci4_project1\\app\\Views\\websitehome\\home.php')
 4 SYSTEMPATH\View\View.php(227): CodeIgniter\View\View->CodeIgniter\View\{closure}()
 5 SYSTEMPATH\Common.php(1180): CodeIgniter\View\View->render('websitehome/home', [], true)
 6 APPPATH\Controllers\Home.php(9): view('websitehome/home')
 7 SYSTEMPATH\CodeIgniter.php(932): App\Controllers\Home->index()
 8 SYSTEMPATH\CodeIgniter.php(497): CodeIgniter\CodeIgniter->runController(Object(App\Controllers\Home))
 9 SYSTEMPATH\CodeIgniter.php(366): CodeIgniter\CodeIgniter->handleRequest(null, Object(Config\Cache), false)
10 FCPATH\index.php(67): CodeIgniter\CodeIgniter->run()
11 SYSTEMPATH\Commands\Server\rewrite.php(47): require_once('C:\\xampp\\htdocs\\Ci4_project1\\public\\index.php')
CRITICAL - 2023-10-24 14:12:30 --> include(/websitehome/includes/header): Failed to open stream: No such file or directory
in APPPATH\Views\websitehome\home.php on line 1.
 1 APPPATH\Views\websitehome\home.php(1): CodeIgniter\Debug\Exceptions->errorHandler(2, 'include(/websitehome/includes/header): Failed to open stream: No such file or directory', 'C:\\xampp\\htdocs\\Ci4_project1\\app\\Views\\websitehome\\home.php', 1)
 2 APPPATH\Views\websitehome\home.php(1): include()
 3 SYSTEMPATH\View\View.php(224): include('C:\\xampp\\htdocs\\Ci4_project1\\app\\Views\\websitehome\\home.php')
 4 SYSTEMPATH\View\View.php(227): CodeIgniter\View\View->CodeIgniter\View\{closure}()
 5 SYSTEMPATH\Common.php(1180): CodeIgniter\View\View->render('websitehome/home', [], true)
 6 APPPATH\Controllers\Home.php(9): view('websitehome/home')
 7 SYSTEMPATH\CodeIgniter.php(932): App\Controllers\Home->index()
 8 SYSTEMPATH\CodeIgniter.php(497): CodeIgniter\CodeIgniter->runController(Object(App\Controllers\Home))
 9 SYSTEMPATH\CodeIgniter.php(366): CodeIgniter\CodeIgniter->handleRequest(null, Object(Config\Cache), false)
10 FCPATH\index.php(67): CodeIgniter\CodeIgniter->run()
11 SYSTEMPATH\Commands\Server\rewrite.php(47): require_once('C:\\xampp\\htdocs\\Ci4_project1\\public\\index.php')
CRITICAL - 2023-10-24 14:12:30 --> include(/websitehome/includes/header): Failed to open stream: No such file or directory
in APPPATH\Views\websitehome\home.php on line 1.
 1 APPPATH\Views\websitehome\home.php(1): CodeIgniter\Debug\Exceptions->errorHandler(2, 'include(/websitehome/includes/header): Failed to open stream: No such file or directory', 'C:\\xampp\\htdocs\\Ci4_project1\\app\\Views\\websitehome\\home.php', 1)
 2 APPPATH\Views\websitehome\home.php(1): include()
 3 SYSTEMPATH\View\View.php(224): include('C:\\xampp\\htdocs\\Ci4_project1\\app\\Views\\websitehome\\home.php')
 4 SYSTEMPATH\View\View.php(227): CodeIgniter\View\View->CodeIgniter\View\{closure}()
 5 SYSTEMPATH\Common.php(1180): CodeIgniter\View\View->render('websitehome/home', [], true)
 6 APPPATH\Controllers\Home.php(9): view('websitehome/home')
 7 SYSTEMPATH\CodeIgniter.php(932): App\Controllers\Home->index()
 8 SYSTEMPATH\CodeIgniter.php(497): CodeIgniter\CodeIgniter->runController(Object(App\Controllers\Home))
 9 SYSTEMPATH\CodeIgniter.php(366): CodeIgniter\CodeIgniter->handleRequest(null, Object(Config\Cache), false)
10 FCPATH\index.php(67): CodeIgniter\CodeIgniter->run()
11 SYSTEMPATH\Commands\Server\rewrite.php(47): require_once('C:\\xampp\\htdocs\\Ci4_project1\\public\\index.php')
CRITICAL - 2023-10-24 14:12:30 --> include(/websitehome/includes/header): Failed to open stream: No such file or directory
in APPPATH\Views\websitehome\home.php on line 1.
 1 APPPATH\Views\websitehome\home.php(1): CodeIgniter\Debug\Exceptions->errorHandler(2, 'include(/websitehome/includes/header): Failed to open stream: No such file or directory', 'C:\\xampp\\htdocs\\Ci4_project1\\app\\Views\\websitehome\\home.php', 1)
 2 APPPATH\Views\websitehome\home.php(1): include()
 3 SYSTEMPATH\View\View.php(224): include('C:\\xampp\\htdocs\\Ci4_project1\\app\\Views\\websitehome\\home.php')
 4 SYSTEMPATH\View\View.php(227): CodeIgniter\View\View->CodeIgniter\View\{closure}()
 5 SYSTEMPATH\Common.php(1180): CodeIgniter\View\View->render('websitehome/home', [], true)
 6 APPPATH\Controllers\Home.php(9): view('websitehome/home')
 7 SYSTEMPATH\CodeIgniter.php(932): App\Controllers\Home->index()
 8 SYSTEMPATH\CodeIgniter.php(497): CodeIgniter\CodeIgniter->runController(Object(App\Controllers\Home))
 9 SYSTEMPATH\CodeIgniter.php(366): CodeIgniter\CodeIgniter->handleRequest(null, Object(Config\Cache), false)
10 FCPATH\index.php(67): CodeIgniter\CodeIgniter->run()
11 SYSTEMPATH\Commands\Server\rewrite.php(47): require_once('C:\\xampp\\htdocs\\Ci4_project1\\public\\index.php')
CRITICAL - 2023-10-24 14:12:30 --> include(/websitehome/includes/header): Failed to open stream: No such file or directory
in APPPATH\Views\websitehome\home.php on line 1.
 1 APPPATH\Views\websitehome\home.php(1): CodeIgniter\Debug\Exceptions->errorHandler(2, 'include(/websitehome/includes/header): Failed to open stream: No such file or directory', 'C:\\xampp\\htdocs\\Ci4_project1\\app\\Views\\websitehome\\home.php', 1)
 2 APPPATH\Views\websitehome\home.php(1): include()
 3 SYSTEMPATH\View\View.php(224): include('C:\\xampp\\htdocs\\Ci4_project1\\app\\Views\\websitehome\\home.php')
 4 SYSTEMPATH\View\View.php(227): CodeIgniter\View\View->CodeIgniter\View\{closure}()
 5 SYSTEMPATH\Common.php(1180): CodeIgniter\View\View->render('websitehome/home', [], true)
 6 APPPATH\Controllers\Home.php(9): view('websitehome/home')
 7 SYSTEMPATH\CodeIgniter.php(932): App\Controllers\Home->index()
 8 SYSTEMPATH\CodeIgniter.php(497): CodeIgniter\CodeIgniter->runController(Object(App\Controllers\Home))
 9 SYSTEMPATH\CodeIgniter.php(366): CodeIgniter\CodeIgniter->handleRequest(null, Object(Config\Cache), false)
10 FCPATH\index.php(67): CodeIgniter\CodeIgniter->run()
11 SYSTEMPATH\Commands\Server\rewrite.php(47): require_once('C:\\xampp\\htdocs\\Ci4_project1\\public\\index.php')
CRITICAL - 2023-10-24 14:12:30 --> include(/websitehome/includes/header): Failed to open stream: No such file or directory
in APPPATH\Views\websitehome\home.php on line 1.
 1 APPPATH\Views\websitehome\home.php(1): CodeIgniter\Debug\Exceptions->errorHandler(2, 'include(/websitehome/includes/header): Failed to open stream: No such file or directory', 'C:\\xampp\\htdocs\\Ci4_project1\\app\\Views\\websitehome\\home.php', 1)
 2 APPPATH\Views\websitehome\home.php(1): include()
 3 SYSTEMPATH\View\View.php(224): include('C:\\xampp\\htdocs\\Ci4_project1\\app\\Views\\websitehome\\home.php')
 4 SYSTEMPATH\View\View.php(227): CodeIgniter\View\View->CodeIgniter\View\{closure}()
 5 SYSTEMPATH\Common.php(1180): CodeIgniter\View\View->render('websitehome/home', [], true)
 6 APPPATH\Controllers\Home.php(9): view('websitehome/home')
 7 SYSTEMPATH\CodeIgniter.php(932): App\Controllers\Home->index()
 8 SYSTEMPATH\CodeIgniter.php(497): CodeIgniter\CodeIgniter->runController(Object(App\Controllers\Home))
 9 SYSTEMPATH\CodeIgniter.php(366): CodeIgniter\CodeIgniter->handleRequest(null, Object(Config\Cache), false)
10 FCPATH\index.php(67): CodeIgniter\CodeIgniter->run()
11 SYSTEMPATH\Commands\Server\rewrite.php(47): require_once('C:\\xampp\\htdocs\\Ci4_project1\\public\\index.php')
CRITICAL - 2023-10-24 14:12:31 --> include(/websitehome/includes/header): Failed to open stream: No such file or directory
in APPPATH\Views\websitehome\home.php on line 1.
 1 APPPATH\Views\websitehome\home.php(1): CodeIgniter\Debug\Exceptions->errorHandler(2, 'include(/websitehome/includes/header): Failed to open stream: No such file or directory', 'C:\\xampp\\htdocs\\Ci4_project1\\app\\Views\\websitehome\\home.php', 1)
 2 APPPATH\Views\websitehome\home.php(1): include()
 3 SYSTEMPATH\View\View.php(224): include('C:\\xampp\\htdocs\\Ci4_project1\\app\\Views\\websitehome\\home.php')
 4 SYSTEMPATH\View\View.php(227): CodeIgniter\View\View->CodeIgniter\View\{closure}()
 5 SYSTEMPATH\Common.php(1180): CodeIgniter\View\View->render('websitehome/home', [], true)
 6 APPPATH\Controllers\Home.php(9): view('websitehome/home')
 7 SYSTEMPATH\CodeIgniter.php(932): App\Controllers\Home->index()
 8 SYSTEMPATH\CodeIgniter.php(497): CodeIgniter\CodeIgniter->runController(Object(App\Controllers\Home))
 9 SYSTEMPATH\CodeIgniter.php(366): CodeIgniter\CodeIgniter->handleRequest(null, Object(Config\Cache), false)
10 FCPATH\index.php(67): CodeIgniter\CodeIgniter->run()
11 SYSTEMPATH\Commands\Server\rewrite.php(47): require_once('C:\\xampp\\htdocs\\Ci4_project1\\public\\index.php')
CRITICAL - 2023-10-24 14:12:31 --> include(/websitehome/includes/header): Failed to open stream: No such file or directory
in APPPATH\Views\websitehome\home.php on line 1.
 1 APPPATH\Views\websitehome\home.php(1): CodeIgniter\Debug\Exceptions->errorHandler(2, 'include(/websitehome/includes/header): Failed to open stream: No such file or directory', 'C:\\xampp\\htdocs\\Ci4_project1\\app\\Views\\websitehome\\home.php', 1)
 2 APPPATH\Views\websitehome\home.php(1): include()
 3 SYSTEMPATH\View\View.php(224): include('C:\\xampp\\htdocs\\Ci4_project1\\app\\Views\\websitehome\\home.php')
 4 SYSTEMPATH\View\View.php(227): CodeIgniter\View\View->CodeIgniter\View\{closure}()
 5 SYSTEMPATH\Common.php(1180): CodeIgniter\View\View->render('websitehome/home', [], true)
 6 APPPATH\Controllers\Home.php(9): view('websitehome/home')
 7 SYSTEMPATH\CodeIgniter.php(932): App\Controllers\Home->index()
 8 SYSTEMPATH\CodeIgniter.php(497): CodeIgniter\CodeIgniter->runController(Object(App\Controllers\Home))
 9 SYSTEMPATH\CodeIgniter.php(366): CodeIgniter\CodeIgniter->handleRequest(null, Object(Config\Cache), false)
10 FCPATH\index.php(67): CodeIgniter\CodeIgniter->run()
11 SYSTEMPATH\Commands\Server\rewrite.php(47): require_once('C:\\xampp\\htdocs\\Ci4_project1\\public\\index.php')
CRITICAL - 2023-10-24 14:12:31 --> include(/websitehome/includes/header): Failed to open stream: No such file or directory
in APPPATH\Views\websitehome\home.php on line 1.
 1 APPPATH\Views\websitehome\home.php(1): CodeIgniter\Debug\Exceptions->errorHandler(2, 'include(/websitehome/includes/header): Failed to open stream: No such file or directory', 'C:\\xampp\\htdocs\\Ci4_project1\\app\\Views\\websitehome\\home.php', 1)
 2 APPPATH\Views\websitehome\home.php(1): include()
 3 SYSTEMPATH\View\View.php(224): include('C:\\xampp\\htdocs\\Ci4_project1\\app\\Views\\websitehome\\home.php')
 4 SYSTEMPATH\View\View.php(227): CodeIgniter\View\View->CodeIgniter\View\{closure}()
 5 SYSTEMPATH\Common.php(1180): CodeIgniter\View\View->render('websitehome/home', [], true)
 6 APPPATH\Controllers\Home.php(9): view('websitehome/home')
 7 SYSTEMPATH\CodeIgniter.php(932): App\Controllers\Home->index()
 8 SYSTEMPATH\CodeIgniter.php(497): CodeIgniter\CodeIgniter->runController(Object(App\Controllers\Home))
 9 SYSTEMPATH\CodeIgniter.php(366): CodeIgniter\CodeIgniter->handleRequest(null, Object(Config\Cache), false)
10 FCPATH\index.php(67): CodeIgniter\CodeIgniter->run()
11 SYSTEMPATH\Commands\Server\rewrite.php(47): require_once('C:\\xampp\\htdocs\\Ci4_project1\\public\\index.php')
CRITICAL - 2023-10-24 14:12:38 --> include(../websitehome/includes/header): Failed to open stream: No such file or directory
in APPPATH\Views\websitehome\home.php on line 1.
 1 APPPATH\Views\websitehome\home.php(1): CodeIgniter\Debug\Exceptions->errorHandler(2, 'include(../websitehome/includes/header): Failed to open stream: No such file or directory', 'C:\\xampp\\htdocs\\Ci4_project1\\app\\Views\\websitehome\\home.php', 1)
 2 APPPATH\Views\websitehome\home.php(1): include()
 3 SYSTEMPATH\View\View.php(224): include('C:\\xampp\\htdocs\\Ci4_project1\\app\\Views\\websitehome\\home.php')
 4 SYSTEMPATH\View\View.php(227): CodeIgniter\View\View->CodeIgniter\View\{closure}()
 5 SYSTEMPATH\Common.php(1180): CodeIgniter\View\View->render('websitehome/home', [], true)
 6 APPPATH\Controllers\Home.php(9): view('websitehome/home')
 7 SYSTEMPATH\CodeIgniter.php(932): App\Controllers\Home->index()
 8 SYSTEMPATH\CodeIgniter.php(497): CodeIgniter\CodeIgniter->runController(Object(App\Controllers\Home))
 9 SYSTEMPATH\CodeIgniter.php(366): CodeIgniter\CodeIgniter->handleRequest(null, Object(Config\Cache), false)
10 FCPATH\index.php(67): CodeIgniter\CodeIgniter->run()
11 SYSTEMPATH\Commands\Server\rewrite.php(47): require_once('C:\\xampp\\htdocs\\Ci4_project1\\public\\index.php')
CRITICAL - 2023-10-24 14:13:27 --> Invalid file: "WebsiteViews/partials/header.php"
in SYSTEMPATH\Exceptions\FrameworkException.php on line 33.
 1 SYSTEMPATH\View\View.php(212): CodeIgniter\Exceptions\FrameworkException::forInvalidFile('WebsiteViews/partials/header.php')
 2 SYSTEMPATH\View\View.php(452): CodeIgniter\View\View->render('WebsiteViews/partials/header', null, true)
 3 APPPATH\Views\websitehome\home.php(1): CodeIgniter\View\View->include('WebsiteViews/partials/header')
 4 SYSTEMPATH\View\View.php(224): include('C:\\xampp\\htdocs\\Ci4_project1\\app\\Views\\websitehome\\home.php')
 5 SYSTEMPATH\View\View.php(227): CodeIgniter\View\View->CodeIgniter\View\{closure}()
 6 SYSTEMPATH\Common.php(1180): CodeIgniter\View\View->render('websitehome/home', [], true)
 7 APPPATH\Controllers\Home.php(9): view('websitehome/home')
 8 SYSTEMPATH\CodeIgniter.php(932): App\Controllers\Home->index()
 9 SYSTEMPATH\CodeIgniter.php(497): CodeIgniter\CodeIgniter->runController(Object(App\Controllers\Home))
10 SYSTEMPATH\CodeIgniter.php(366): CodeIgniter\CodeIgniter->handleRequest(null, Object(Config\Cache), false)
11 FCPATH\index.php(67): CodeIgniter\CodeIgniter->run()
12 SYSTEMPATH\Commands\Server\rewrite.php(47): require_once('C:\\xampp\\htdocs\\Ci4_project1\\public\\index.php')
CRITICAL - 2023-10-24 17:48:49 --> Invalid file: "websitehome/home.php"
in SYSTEMPATH\Exceptions\FrameworkException.php on line 33.
 1 SYSTEMPATH\View\View.php(212): CodeIgniter\Exceptions\FrameworkException::forInvalidFile('websitehome/home.php')
 2 SYSTEMPATH\Common.php(1180): CodeIgniter\View\View->render('websitehome/home', [], true)
 3 APPPATH\Controllers\Home.php(9): view('websitehome/home')
 4 SYSTEMPATH\CodeIgniter.php(932): App\Controllers\Home->index()
 5 SYSTEMPATH\CodeIgniter.php(497): CodeIgniter\CodeIgniter->runController(Object(App\Controllers\Home))
 6 SYSTEMPATH\CodeIgniter.php(366): CodeIgniter\CodeIgniter->handleRequest(null, Object(Config\Cache), false)
 7 FCPATH\index.php(67): CodeIgniter\CodeIgniter->run()
 8 SYSTEMPATH\Commands\Server\rewrite.php(47): require_once('C:\\xampp\\htdocs\\Ci4_project1\\public\\index.php')
CRITICAL - 2023-10-24 17:48:55 --> Invalid file: "websitehome/home.php"
in SYSTEMPATH\Exceptions\FrameworkException.php on line 33.
 1 SYSTEMPATH\View\View.php(212): CodeIgniter\Exceptions\FrameworkException::forInvalidFile('websitehome/home.php')
 2 SYSTEMPATH\Common.php(1180): CodeIgniter\View\View->render('websitehome/home', [], true)
 3 APPPATH\Controllers\Home.php(9): view('websitehome/home')
 4 SYSTEMPATH\CodeIgniter.php(932): App\Controllers\Home->index()
 5 SYSTEMPATH\CodeIgniter.php(497): CodeIgniter\CodeIgniter->runController(Object(App\Controllers\Home))
 6 SYSTEMPATH\CodeIgniter.php(366): CodeIgniter\CodeIgniter->handleRequest(null, Object(Config\Cache), false)
 7 FCPATH\index.php(67): CodeIgniter\CodeIgniter->run()
 8 SYSTEMPATH\Commands\Server\rewrite.php(47): require_once('C:\\xampp\\htdocs\\Ci4_project1\\public\\index.php')
CRITICAL - 2023-10-24 18:04:23 --> Invalid file: "websitehome/home.php"
in SYSTEMPATH\Exceptions\FrameworkException.php on line 33.
 1 SYSTEMPATH\View\View.php(212): CodeIgniter\Exceptions\FrameworkException::forInvalidFile('websitehome/home.php')
 2 SYSTEMPATH\Common.php(1180): CodeIgniter\View\View->render('websitehome/home', [], true)
 3 APPPATH\Controllers\Home.php(9): view('websitehome/home')
 4 SYSTEMPATH\CodeIgniter.php(932): App\Controllers\Home->index()
 5 SYSTEMPATH\CodeIgniter.php(497): CodeIgniter\CodeIgniter->runController(Object(App\Controllers\Home))
 6 SYSTEMPATH\CodeIgniter.php(366): CodeIgniter\CodeIgniter->handleRequest(null, Object(Config\Cache), false)
 7 FCPATH\index.php(67): CodeIgniter\CodeIgniter->run()
 8 SYSTEMPATH\Commands\Server\rewrite.php(47): require_once('C:\\xampp\\htdocs\\Ci4_project1\\public\\index.php')
